  database-main.cpp
  database.cc
c:\users\97250\desktop\מסדי נתונים\danaorrbookstore\danaorrbookstore\database.cc(60): warning C4244: 'initializing': conversion from 'uint64_t' to 'int', possible loss of data
c:\users\97250\desktop\מסדי נתונים\danaorrbookstore\danaorrbookstore\database.cc(171): warning C4244: 'initializing': conversion from 'uint64_t' to 'int', possible loss of data
c:\users\97250\desktop\מסדי נתונים\danaorrbookstore\danaorrbookstore\database.cc(217): warning C4244: 'initializing': conversion from 'uint64_t' to 'int', possible loss of data
c:\users\97250\desktop\מסדי נתונים\danaorrbookstore\danaorrbookstore\database.cc(314): warning C4244: 'initializing': conversion from 'uint64_t' to 'int', possible loss of data
c:\users\97250\desktop\מסדי נתונים\danaorrbookstore\danaorrbookstore\database.cc(359): warning C4244: 'initializing': conversion from 'uint64_t' to 'int', possible loss of data
c:\users\97250\desktop\מסדי נתונים\danaorrbookstore\danaorrbookstore\database.cc(401): warning C4244: '=': conversion from 'uint64_t' to 'int', possible loss of data
c:\users\97250\desktop\מסדי נתונים\danaorrbookstore\danaorrbookstore\database.cc(432): warning C4244: '=': conversion from 'uint64_t' to 'int', possible loss of data
c:\users\97250\desktop\מסדי נתונים\danaorrbookstore\danaorrbookstore\database.cc(463): warning C4244: '=': conversion from 'uint64_t' to 'int', possible loss of data
c:\users\97250\desktop\מסדי נתונים\danaorrbookstore\danaorrbookstore\database.cc(511): warning C4244: 'initializing': conversion from 'uint64_t' to 'int', possible loss of data
c:\users\97250\desktop\מסדי נתונים\danaorrbookstore\danaorrbookstore\database.cc(553): warning C4244: 'initializing': conversion from 'uint64_t' to 'int', possible loss of data
c:\users\97250\desktop\מסדי נתונים\danaorrbookstore\danaorrbookstore\database.cc(598): warning C4244: 'initializing': conversion from 'uint64_t' to 'int', possible loss of data
c:\users\97250\desktop\מסדי נתונים\danaorrbookstore\danaorrbookstore\database.cc(646): warning C4244: 'initializing': conversion from 'uint64_t' to 'int', possible loss of data
c:\users\97250\desktop\מסדי נתונים\danaorrbookstore\danaorrbookstore\database.cc(851): warning C4244: 'initializing': conversion from 'uint64_t' to 'int', possible loss of data
c:\users\97250\desktop\מסדי נתונים\danaorrbookstore\danaorrbookstore\database.cc(899): warning C4244: 'initializing': conversion from 'uint64_t' to 'int', possible loss of data
c:\users\97250\desktop\מסדי נתונים\danaorrbookstore\danaorrbookstore\database.cc(978): warning C4244: 'initializing': conversion from 'uint64_t' to 'int', possible loss of data
c:\users\97250\desktop\מסדי נתונים\danaorrbookstore\danaorrbookstore\database.cc(1025): warning C4244: 'initializing': conversion from 'uint64_t' to 'int', possible loss of data
  Generating Code...
  DanaOrrBookstore.vcxproj -> C:\Users\97250\Desktop\מסדי נתונים\DanaOrrBookstore\x64\Debug\DanaOrrBookstore.exe
